Determining if the CL_VERSION_2_2 exist failed with the following output:
Change Dir: /Users/Peter/work/code/Zilliqa/src/depends/libethash/CMakeFiles/CMakeTmp

Run Build Command:"/usr/bin/make" "cmTC_933c7/fast"
/Library/Developer/CommandLineTools/usr/bin/make -f CMakeFiles/cmTC_933c7.dir/build.make CMakeFiles/cmTC_933c7.dir/build
Building C object CMakeFiles/cmTC_933c7.dir/CheckSymbolExists.c.o
/Library/Developer/CommandLineTools/usr/bin/cc   -std=gnu99    -o CMakeFiles/cmTC_933c7.dir/CheckSymbolExists.c.o   -c /Users/Peter/work/code/Zilliqa/src/depends/libethash/CMakeFiles/CMakeTmp/CheckSymbolExists.c
/Users/Peter/work/code/Zilliqa/src/depends/libethash/CMakeFiles/CMakeTmp/CheckSymbolExists.c:8:19: error: use of undeclared identifier 'CL_VERSION_2_2'
  return ((int*)(&CL_VERSION_2_2))[argc];
                  ^
1 error generated.
make[1]: *** [CMakeFiles/cmTC_933c7.dir/CheckSymbolExists.c.o] Error 1
make: *** [cmTC_933c7/fast] Error 2

File /Users/Peter/work/code/Zilliqa/src/depends/libethash/CMakeFiles/CMakeTmp/CheckSymbolExists.c:
/* */
#include </System/Library/Frameworks/OpenCL.framework/Headers/cl.h>

int main(int argc, char** argv)
{
  (void)argv;
#ifndef CL_VERSION_2_2
  return ((int*)(&CL_VERSION_2_2))[argc];
#else
  (void)argc;
  return 0;
#endif
}

Determining if the CL_VERSION_2_1 exist failed with the following output:
Change Dir: /Users/Peter/work/code/Zilliqa/src/depends/libethash/CMakeFiles/CMakeTmp

Run Build Command:"/usr/bin/make" "cmTC_28ae3/fast"
/Library/Developer/CommandLineTools/usr/bin/make -f CMakeFiles/cmTC_28ae3.dir/build.make CMakeFiles/cmTC_28ae3.dir/build
Building C object CMakeFiles/cmTC_28ae3.dir/CheckSymbolExists.c.o
/Library/Developer/CommandLineTools/usr/bin/cc   -std=gnu99    -o CMakeFiles/cmTC_28ae3.dir/CheckSymbolExists.c.o   -c /Users/Peter/work/code/Zilliqa/src/depends/libethash/CMakeFiles/CMakeTmp/CheckSymbolExists.c
/Users/Peter/work/code/Zilliqa/src/depends/libethash/CMakeFiles/CMakeTmp/CheckSymbolExists.c:8:19: error: use of undeclared identifier 'CL_VERSION_2_1'
  return ((int*)(&CL_VERSION_2_1))[argc];
                  ^
1 error generated.
make[1]: *** [CMakeFiles/cmTC_28ae3.dir/CheckSymbolExists.c.o] Error 1
make: *** [cmTC_28ae3/fast] Error 2

File /Users/Peter/work/code/Zilliqa/src/depends/libethash/CMakeFiles/CMakeTmp/CheckSymbolExists.c:
/* */
#include </System/Library/Frameworks/OpenCL.framework/Headers/cl.h>

int main(int argc, char** argv)
{
  (void)argv;
#ifndef CL_VERSION_2_1
  return ((int*)(&CL_VERSION_2_1))[argc];
#else
  (void)argc;
  return 0;
#endif
}

Determining if the CL_VERSION_2_0 exist failed with the following output:
Change Dir: /Users/Peter/work/code/Zilliqa/src/depends/libethash/CMakeFiles/CMakeTmp

Run Build Command:"/usr/bin/make" "cmTC_46e6b/fast"
/Library/Developer/CommandLineTools/usr/bin/make -f CMakeFiles/cmTC_46e6b.dir/build.make CMakeFiles/cmTC_46e6b.dir/build
Building C object CMakeFiles/cmTC_46e6b.dir/CheckSymbolExists.c.o
/Library/Developer/CommandLineTools/usr/bin/cc   -std=gnu99    -o CMakeFiles/cmTC_46e6b.dir/CheckSymbolExists.c.o   -c /Users/Peter/work/code/Zilliqa/src/depends/libethash/CMakeFiles/CMakeTmp/CheckSymbolExists.c
/Users/Peter/work/code/Zilliqa/src/depends/libethash/CMakeFiles/CMakeTmp/CheckSymbolExists.c:8:19: error: use of undeclared identifier 'CL_VERSION_2_0'
  return ((int*)(&CL_VERSION_2_0))[argc];
                  ^
1 error generated.
make[1]: *** [CMakeFiles/cmTC_46e6b.dir/CheckSymbolExists.c.o] Error 1
make: *** [cmTC_46e6b/fast] Error 2

File /Users/Peter/work/code/Zilliqa/src/depends/libethash/CMakeFiles/CMakeTmp/CheckSymbolExists.c:
/* */
#include </System/Library/Frameworks/OpenCL.framework/Headers/cl.h>

int main(int argc, char** argv)
{
  (void)argv;
#ifndef CL_VERSION_2_0
  return ((int*)(&CL_VERSION_2_0))[argc];
#else
  (void)argc;
  return 0;
#endif
}

